<?xml version="1.0" encoding="UTF-8"?>
<testng-results skipped="0" failed="0" ignored="0" total="1" passed="1">
  <reporter-output>
  </reporter-output>
  <suite name="Surefire suite" duration-ms="2264" started-at="2020-06-25T18:23:06 IST" finished-at="2020-06-25T18:23:08 IST">
    <groups>
    </groups>
    <test name="Surefire test" duration-ms="2264" started-at="2020-06-25T18:23:06 IST" finished-at="2020-06-25T18:23:08 IST">
      <class name="Academy.AppTest">
        <test-method status="PASS" signature="shouldAnswerWithTrue()" name="shouldAnswerWithTrue" duration-ms="172" started-at="2020-06-25T18:23:08 IST" finished-at="2020-06-25T18:23:08 IST">
          <reporter-output>
          </reporter-output>
        </test-method> <!-- shouldAnswerWithTrue -->
      </class> <!-- Academy.AppTest -->
    </test> <!-- Surefire test -->
  </suite> <!-- Surefire suite -->
</testng-results>
