<?xml version="1.0" encoding="UTF-8"?>
<testng-results skipped="0" failed="0" ignored="0" total="1" passed="1">
  <reporter-output>
  </reporter-output>
  <suite name="Suite" duration-ms="32838" started-at="2020-07-06T17:00:23 IST" finished-at="2020-07-06T17:00:56 IST">
    <groups>
      <group name="cucumber">
        <method signature="AbstractTestNGCucumberTests.feature(cucumber.api.testng.CucumberFeatureWrapper)[pri:0, instance:CucumberOption.TestRunner@4232c52b]" name="feature" class="cucumber.api.testng.AbstractTestNGCucumberTests"/>
      </group> <!-- cucumber -->
    </groups>
    <test name="TestCucumber" duration-ms="32838" started-at="2020-07-06T17:00:23 IST" finished-at="2020-07-06T17:00:56 IST">
      <class name="CucumberOption.TestRunner">
        <test-method status="PASS" signature="setUpClass()[pri:0, instance:CucumberOption.TestRunner@4232c52b]" name="setUpClass" is-config="true" duration-ms="442" started-at="2020-07-06T17:00:23 IST" finished-at="2020-07-06T17:00:24 IST">
          <reporter-output>
          </reporter-output>
        </test-method> <!-- setUpClass -->
        <test-method status="PASS" signature="feature(cucumber.api.testng.CucumberFeatureWrapper)[pri:0, instance:CucumberOption.TestRunner@4232c52b]" name="feature" duration-ms="32178" started-at="2020-07-06T17:00:24 IST" description="Runs Cucumber Feature" data-provider="features" finished-at="2020-07-06T17:00:56 IST">
          <params>
            <param index="0">
              <value>
                <![CDATA[Application Login]]>
              </value>
            </param>
          </params>
          <reporter-output>
          </reporter-output>
        </test-method> <!-- feature -->
        <test-method status="PASS" signature="tearDownClass()[pri:0, instance:CucumberOption.TestRunner@4232c52b]" name="tearDownClass" is-config="true" duration-ms="25" started-at="2020-07-06T17:00:56 IST" finished-at="2020-07-06T17:00:56 IST">
          <reporter-output>
          </reporter-output>
        </test-method> <!-- tearDownClass -->
      </class> <!-- CucumberOption.TestRunner -->
    </test> <!-- TestCucumber -->
  </suite> <!-- Suite -->
</testng-results>
