<?xml version="1.0" encoding="UTF-8"?>
<testng-results skipped="0" failed="0" ignored="0" total="1" passed="1">
  <reporter-output>
  </reporter-output>
  <suite name="Suite" duration-ms="34085" started-at="2020-07-06T16:53:46 IST" finished-at="2020-07-06T16:54:20 IST">
    <groups>
      <group name="cucumber">
        <method signature="AbstractTestNGCucumberTests.feature(cucumber.api.testng.CucumberFeatureWrapper)[pri:0, instance:CucumberOption.TestRunner@4eb7f003]" name="feature" class="cucumber.api.testng.AbstractTestNGCucumberTests"/>
      </group> <!-- cucumber -->
    </groups>
    <test name="TestCucumber" duration-ms="34085" started-at="2020-07-06T16:53:46 IST" finished-at="2020-07-06T16:54:20 IST">
      <class name="CucumberOption.TestRunner">
        <test-method status="PASS" signature="setUpClass()[pri:0, instance:CucumberOption.TestRunner@4eb7f003]" name="setUpClass" is-config="true" duration-ms="400" started-at="2020-07-06T16:53:46 IST" finished-at="2020-07-06T16:53:47 IST">
          <reporter-output>
          </reporter-output>
        </test-method> <!-- setUpClass -->
        <test-method status="PASS" signature="feature(cucumber.api.testng.CucumberFeatureWrapper)[pri:0, instance:CucumberOption.TestRunner@4eb7f003]" name="feature" duration-ms="33505" started-at="2020-07-06T16:53:47 IST" description="Runs Cucumber Feature" data-provider="features" finished-at="2020-07-06T16:54:20 IST">
          <params>
            <param index="0">
              <value>
                <![CDATA[Application Login]]>
              </value>
            </param>
          </params>
          <reporter-output>
          </reporter-output>
        </test-method> <!-- feature -->
        <test-method status="PASS" signature="tearDownClass()[pri:0, instance:CucumberOption.TestRunner@4eb7f003]" name="tearDownClass" is-config="true" duration-ms="7" started-at="2020-07-06T16:54:20 IST" finished-at="2020-07-06T16:54:20 IST">
          <reporter-output>
          </reporter-output>
        </test-method> <!-- tearDownClass -->
      </class> <!-- CucumberOption.TestRunner -->
    </test> <!-- TestCucumber -->
  </suite> <!-- Suite -->
</testng-results>
